⚠️  PRODUCTION — using live keys and real funds


Fleet buy: delta (15 wallets)
  Buy 0xb23c6e17fe82f958ade869d31055c445f76c5c43
  Amount: 0.069 ETH, Slippage: 300 bps
  Mode: drip over 30m (1800000ms), 6 intervals
  Jiggle: on
  Gas reserve: 0.0075 ETH (15 × 0.0005)
  Effective buy: 0.0615 ETH

✅ Completed 90 trades:
  wallet #12: complete — in=626180391474069 out=30261785537782341548572
  wallet #2: failed — in=671617138966715 out=?
  wallet #3: failed — in=576665158239257 out=?
  wallet #15: failed — in=772952764814075 out=?
  wallet #8: failed — in=590401155647705 out=?
  wallet #10: failed — in=674748674488519 out=?
  wallet #11: complete — in=805387517868483 out=38928464784513829004393
  wallet #16: complete — in=600754179415851 out=28997277835059192209711
  wallet #13: failed — in=572084363620160 out=?
  wallet #4: failed — in=716848499292727 out=?
  wallet #5: failed — in=710812291576804 out=?
  wallet #6: failed — in=659019948652625 out=?
  wallet #7: failed — in=727648558820716 out=?
  wallet #9: complete — in=699818340358835 out=33691910476784600102872
  wallet #14: failed — in=691904783761310 out=?
  wallet #10: failed — in=577439904057407 out=?
  wallet #6: failed — in=551153910818366 out=?
  wallet #15: failed — in=784385980339754 out=?
  wallet #12: complete — in=642009427890741 out=30979790766263843886956
  wallet #5: failed — in=760900427767525 out=?
  wallet #11: failed — in=771892884954719 out=?
  wallet #7: failed — in=779918330749559 out=?
  wallet #13: failed — in=616533537260364 out=?
  wallet #2: failed — in=722406668236638 out=?
  wallet #9: failed — in=766221251112258 out=?
  wallet #16: failed — in=688626055180241 out=?
  wallet #4: failed — in=715158313123222 out=?
  wallet #3: failed — in=558865944811191 out=?
  wallet #14: failed — in=776848000728047 out=?
  wallet #8: failed — in=661031906342994 out=?
  wallet #14: failed — in=709140875149936 out=?
  wallet #13: failed — in=606429466952109 out=?
  wallet #5: failed — in=752374687572872 out=?
  wallet #2: failed — in=657450438824162 out=?
  wallet #4: failed — in=731830658832785 out=?
  wallet #3: failed — in=622171637959648 out=?
  wallet #7: failed — in=751077971905572 out=?
  wallet #15: complete — in=675172508356260 out=32449195380470224311059
  wallet #10: failed — in=582072107269300 out=?
  wallet #11: failed — in=794778821372560 out=?
  wallet #6: failed — in=641407184119816 out=?
  wallet #9: failed — in=701259637641068 out=?
  wallet #8: failed — in=575316126165465 out=?
  wallet #12: failed — in=675270696619706 out=?
  wallet #16: failed — in=671866095369532 out=?
  wallet #9: failed — in=797783233337283 out=?
  wallet #14: failed — in=754991936399752 out=?
  wallet #8: failed — in=645995901910432 out=?
  wallet #2: failed — in=665238504814643 out=?
  wallet #4: failed — in=791611660278501 out=?
  wallet #11: failed — in=694207618968167 out=?
  wallet #6: failed — in=599526094683492 out=?
  wallet #16: failed — in=667389683677980 out=?
  wallet #10: failed — in=613895591243040 out=?
  wallet #13: failed — in=606373405230393 out=?
  wallet #5: failed — in=705484970506413 out=?
  wallet #12: failed — in=689227986360081 out=?
  wallet #15: failed — in=818349336030355 out=?
  wallet #7: failed — in=710396293754755 out=?
  wallet #3: failed — in=661250461836443 out=?
  wallet #2: failed — in=754591152112880 out=?
  wallet #10: failed — in=647730002433219 out=?
  wallet #3: failed — in=567239748222605 out=?
  wallet #4: failed — in=783318625438487 out=?
  wallet #11: failed — in=765822701112748 out=?
  wallet #8: failed — in=578689202743094 out=?
  wallet #16: failed — in=626937830163616 out=?
  wallet #13: failed — in=578984000826560 out=?
  wallet #15: failed — in=695527294653042 out=?
  wallet #7: failed — in=669574993945416 out=?
  wallet #6: failed — in=619534126486326 out=?
  wallet #5: failed — in=661418665292905 out=?
  wallet #12: failed — in=696089647117809 out=?
  wallet #14: failed — in=658975388655420 out=?
  wallet #9: failed — in=698302769870064 out=?
  wallet #16: failed — in=688726850853711 out=?
  wallet #14: failed — in=763753011546662 out=?
  wallet #4: failed — in=807705314297611 out=?
  wallet #9: failed — in=786052654549452 out=?
  wallet #6: failed — in=641098896607360 out=?
  wallet #2: failed — in=675665430644346 out=?
  wallet #3: failed — in=632617668504971 out=?
  wallet #15: failed — in=744309701652120 out=?
  wallet #8: failed — in=567252420509778 out=?
  wallet #5: failed — in=728621785897475 out=?
  wallet #7: failed — in=709852653480374 out=?
  wallet #11: failed — in=719818683122902 out=?
  wallet #13: failed — in=608337996887113 out=?
  wallet #10: failed — in=667730521204435 out=?
  wallet #12: failed — in=716142357654101 out=?
